server started on port 3001
Connection to database establised
Connected to email server
Notification sent
{
  id: '3a70935c-8f47-4c61-bc8d-843b30123718',
  name: 'Unique product test',
  price: '100000',
  unit: 'bags',
  image: null,
  description: 'Consequat mollit commodo laboris amet est occaecat velit velit proident enim nulla eu. Deserunt consectetur cillum irure magna cillum elit mollit nulla. Ullamco commodo irure est aliquip qui anim qui occaecat magna'
}
2 metalbox rd, Ikeja, Lagos
Invoice Generator
Create your invoice! Easy!
Notification sent
Notification sent
{
  accepted: [ 'greenmouseapp@gmail.com' ],
  rejected: [],
  ehlo: [
    'SIZE 52428800',
    '8BITMIME',
    'PIPELINING',
    'PIPECONNECT',
    'AUTH PLAIN LOGIN',
    'HELP'
  ],
  envelopeTime: 1440,
  messageTime: 3655,
  messageSize: 205209,
  response: '250 OK id=1s5UkC-0001a0-0a',
  envelope: {
    from: 'no-reply@buildonthego.com',
    to: [ 'greenmouseapp@gmail.com' ]
  },
  messageId: '<ee6ebe85-7c08-c9d4-ddab-85c57ca8c70b@buildonthego.com>'
}
